<?xml version="1.0" encoding="UTF-8"?>
<!-- Generated by org.testng.reporters.JUnitReportReporter -->
<testsuite hostname="LAPTOP-H8NLAOCC" failures="0" tests="1" name="SampleTest.Test4" time="0.035" errors="0" timestamp="2024-01-14T13:01:41 IST" skipped="0">
  <testcase classname="SampleTest.Test4" name="Test4test" time="0.035"/>
  <system-out/>
</testsuite> <!-- SampleTest.Test4 -->
