<?xml version="1.0" encoding="UTF-8"?>
<!-- Generated by org.testng.reporters.JUnitReportReporter -->
<testsuite hostname="LAPTOP-H8NLAOCC" failures="0" tests="6" name="SampleTest.Test2" time="0.084" errors="0" timestamp="2024-01-14T13:01:41 IST" skipped="0">
  <testcase classname="SampleTest.Test2" name="Test2testThreadPoolSize" time="0.002"/>
  <system-out/>
  <testcase classname="SampleTest.Test2" name="Test2testThreadPoolSize" time="0.001"/>
  <system-out/>
  <testcase classname="SampleTest.Test2" name="Test2testThreadPoolSize" time="0.007"/>
  <system-out/>
  <testcase classname="SampleTest.Test2" name="Test2testThreadPoolSize" time="0.035"/>
  <system-out/>
  <testcase classname="SampleTest.Test2" name="Test2testThreadPoolSize" time="0.035"/>
  <system-out/>
  <testcase classname="SampleTest.Test2" name="Test2testThreadPoolSize" time="0.004"/>
  <system-out/>
</testsuite> <!-- SampleTest.Test2 -->
