<?xml version="1.0" encoding="UTF-8"?>
<!-- Generated by org.testng.reporters.JUnitReportReporter -->
<testsuite hostname="LAPTOP-H8NLAOCC" failures="0" tests="6" name="SampleTest.TestPractise" time="0.048" errors="0" timestamp="2024-01-14T13:01:41 IST" skipped="2">
  <testcase classname="SampleTest.TestPractise" name="UpdateTest" time="0.003">
    <skipped/>
  </testcase> <!-- UpdateTest -->
  <system-out/>
  <testcase classname="SampleTest.TestPractise" name="dependendTest" time="0.002"/>
  <system-out/>
  <testcase classname="SampleTest.TestPractise" name="EditTest" time="0.035"/>
  <system-out/>
  <testcase classname="SampleTest.TestPractise" name="DeleteTest" time="0.004"/>
  <system-out/>
  <testcase classname="SampleTest.TestPractise" name="GeneralTest" time="0.004"/>
  <system-out/>
  <testcase classname="SampleTest.TestPractise" name="CreateTest">
    <skipped/>
  </testcase> <!-- CreateTest -->
  <system-out/>
</testsuite> <!-- SampleTest.TestPractise -->
