<?xml version="1.0" encoding="UTF-8"?>
<!-- Generated by org.testng.reporters.JUnitReportReporter -->
<testsuite hostname="LAPTOP-H8NLAOCC" failures="0" tests="1" name="SampleTest.Test3" time="0.003" errors="0" timestamp="2024-01-14T13:01:41 IST" skipped="0">
  <testcase classname="SampleTest.Test3" name="Test3test" time="0.003"/>
  <system-out/>
</testsuite> <!-- SampleTest.Test3 -->
