<?xml version="1.0" encoding="UTF-8"?>
<!-- Generated by org.testng.reporters.JUnitReportReporter -->
<testsuite hostname="LAPTOP-H8NLAOCC" failures="0" tests="2" name="SampleTest.DataProviderTest" time="0.010" errors="0" timestamp="2024-01-14T13:18:34 IST" skipped="0">
  <testcase classname="SampleTest.DataProviderTest" name="mulParamTest" time="0.008"/>
  <system-out/>
  <testcase classname="SampleTest.DataProviderTest" name="mulParamTest" time="0.002"/>
  <system-out/>
</testsuite> <!-- SampleTest.DataProviderTest -->
