<?xml version="1.0" encoding="UTF-8"?>
<!-- Generated by org.testng.reporters.JUnitReportReporter -->
<testsuite hostname="LAPTOP-H8NLAOCC" failures="0" tests="1" name="restful_booker_API_POJO_Impl.Delete" time="1.385" errors="0" timestamp="2023-09-03T23:26:02 IST" skipped="0">
  <testcase classname="restful_booker_API_POJO_Impl.Delete" name="DeleteBooking" time="1.385"/>
</testsuite> <!-- restful_booker_API_POJO_Impl.Delete -->
