<?xml version="1.0" encoding="UTF-8"?>
<!-- Generated by org.testng.reporters.JUnitReportReporter -->
<testsuite hostname="LAPTOP-H8NLAOCC" failures="0" tests="5" name="testNG_learning.Child_II" time="0.009" errors="0" timestamp="2023-10-05T18:57:12 IST" skipped="0">
  <testcase classname="testNG_learning.Child_II" name="parentTestb" time="0.002"/>
  <testcase classname="testNG_learning.Child_II" name="parentTesta" time="0.002"/>
  <testcase classname="testNG_learning.Child_II" name="bTest" time="0.001"/>
  <testcase classname="testNG_learning.Child_II" name="aTest" time="0.002"/>
  <testcase classname="testNG_learning.Child_II" name="test_Dependson_EG" time="0.002"/>
</testsuite> <!-- testNG_learning.Child_II -->
