<?xml version="1.0" encoding="UTF-8"?>
<!-- Generated by org.testng.reporters.JUnitReportReporter -->
<testsuite hostname="LAPTOP-H8NLAOCC" failures="0" tests="1" name="Selenium_Marathon.WorkType_Groups.TC005" time="20.477" errors="0" timestamp="2023-09-01T15:54:43 IST" skipped="0">
  <testcase classname="Selenium_Marathon.WorkType_Groups.TC005" name="CreateWork_Type_Group" time="20.477"/>
</testsuite> <!-- Selenium_Marathon.WorkType_Groups.TC005 -->
