<?xml version="1.0" encoding="UTF-8"?>
<!-- Generated by org.testng.reporters.JUnitReportReporter -->
<testsuite hostname="LAPTOP-H8NLAOCC" failures="0" tests="1" name="mandatoryHomeWork.Selenium.Day1" time="26.217" errors="0" timestamp="2023-12-19T14:59:22 IST" skipped="0">
  <testcase classname="mandatoryHomeWork.Selenium.Day1" name="test1" time="26.217"/>
</testsuite> <!-- mandatoryHomeWork.Selenium.Day1 -->
