<?xml version="1.0" encoding="UTF-8"?>
<!-- Generated by org.testng.reporters.JUnitReportReporter -->
<testsuite hostname="LAPTOP-H8NLAOCC" failures="0" tests="3" name="CoWin.Sessions" time="25.655" errors="0" timestamp="2024-01-05T19:14:36 IST" skipped="0">
  <testcase classname="CoWin.Sessions" name="getDistrictID" time="5.891"/>
  <testcase classname="CoWin.Sessions" name="getSessionbyDistID" time="0.358"/>
  <testcase classname="CoWin.Sessions" name="getStateID" time="19.406"/>
</testsuite> <!-- CoWin.Sessions -->
