<?xml version="1.0" encoding="UTF-8"?>
<!-- Generated by org.testng.reporters.JUnitReportReporter -->
<testsuite hostname="LAPTOP-H8NLAOCC" failures="0" tests="6" name="restful_booker_API_POJO_CC.AllTests" time="11.098" errors="0" timestamp="2023-09-03T23:30:07 IST" skipped="0">
  <testcase classname="restful_booker_API_POJO_CC.AllTests" name="Ping" time="2.847"/>
  <testcase classname="restful_booker_API_POJO_CC.AllTests" name="CreateToken" time="2.499"/>
  <testcase classname="restful_booker_API_POJO_CC.AllTests" name="CreateBooking" time="1.739"/>
  <testcase classname="restful_booker_API_POJO_CC.AllTests" name="getBookID_FromName" time="1.411"/>
  <testcase classname="restful_booker_API_POJO_CC.AllTests" name="updateBooking" time="1.327"/>
  <testcase classname="restful_booker_API_POJO_CC.AllTests" name="DeleteBooking" time="1.275"/>
</testsuite> <!-- restful_booker_API_POJO_CC.AllTests -->
