<?xml version="1.0" encoding="UTF-8"?>
<!-- Generated by org.testng.reporters.JUnitReportReporter -->
<testsuite hostname="LAPTOP-H8NLAOCC" failures="0" tests="4" name="Aug15_JIRA_CW.Incident" time="8.271" errors="0" timestamp="2023-08-15T15:45:43 IST" skipped="0">
  <testcase classname="Aug15_JIRA_CW.Incident" name="UpdateIncidentById" time="0.733"/>
  <testcase classname="Aug15_JIRA_CW.Incident" name="CreateInc" time="5.047"/>
  <testcase classname="Aug15_JIRA_CW.Incident" name="UpdateIncidentByKey" time="1.611"/>
  <testcase classname="Aug15_JIRA_CW.Incident" name="DeleteByID" time="0.880"/>
</testsuite> <!-- Aug15_JIRA_CW.Incident -->
