<?xml version="1.0" encoding="UTF-8"?>
<!-- Generated by org.testng.reporters.JUnitReportReporter -->
<testsuite hostname="LAPTOP-H8NLAOCC" failures="0" tests="1" name="mocking.GetResponseFromStub" time="2.001" errors="0" timestamp="2023-08-07T16:22:21 IST" skipped="0">
  <testcase classname="mocking.GetResponseFromStub" name="stub" time="2.001"/>
  <system-out/>
</testsuite> <!-- mocking.GetResponseFromStub -->
