<?xml version="1.0" encoding="UTF-8"?>
<!-- Generated by org.testng.reporters.JUnitReportReporter -->
<testsuite hostname="LAPTOP-H8NLAOCC" failures="0" tests="2" name="testNG_learning.Child" time="0.008" errors="0" timestamp="2023-10-05T17:05:36 IST" skipped="0">
  <testcase classname="testNG_learning.Child" name="test1" time="0.007"/>
  <testcase classname="testNG_learning.Child" name="testanno" time="0.001"/>
</testsuite> <!-- testNG_learning.Child -->
