<?xml version="1.0" encoding="UTF-8"?>
<!-- Generated by org.testng.reporters.JUnitReportReporter -->
<testsuite hostname="LAPTOP-H8NLAOCC" failures="0" tests="1" name="HackerRankAss.StrRev" time="0.032" errors="0" timestamp="2023-09-10T15:49:09 IST" skipped="0">
  <testcase classname="HackerRankAss.StrRev" name="Test1" time="0.032"/>
</testsuite> <!-- HackerRankAss.StrRev -->
