<?xml version="1.0" encoding="UTF-8"?>
<!-- Generated by org.testng.reporters.JUnitReportReporter -->
<testsuite hostname="LAPTOP-H8NLAOCC" failures="0" tests="1" name="restful_booker_API_POJO_Impl.CreateBookingWithPojoImpl" time="4.349" errors="0" timestamp="2024-05-02T16:10:26 IST" skipped="0">
  <testcase classname="restful_booker_API_POJO_Impl.CreateBookingWithPojoImpl" name="CreateBooking" time="4.349"/>
</testsuite> <!-- restful_booker_API_POJO_Impl.CreateBookingWithPojoImpl -->
