<?xml version="1.0" encoding="UTF-8"?>
<!-- Generated by org.testng.reporters.JUnitReportReporter -->
<testsuite hostname="LAPTOP-H8NLAOCC" failures="0" tests="1" name="Api_Auto.Booking" time="4.539" errors="0" timestamp="2024-02-14T18:35:16 IST" skipped="0">
  <testcase classname="Api_Auto.Booking" name="CreateToken" time="4.539"/>
</testsuite> <!-- Api_Auto.Booking -->
