<?xml version="1.0" encoding="UTF-8"?>
<!-- Generated by org.testng.reporters.JUnitReportReporter -->
<testsuite hostname="LAPTOP-H8NLAOCC" failures="0" tests="1" name="Aug15_JIRA_CW.CreateIncident" time="4.545" errors="0" timestamp="2023-08-15T14:46:00 IST" skipped="0">
  <testcase classname="Aug15_JIRA_CW.CreateIncident" name="CreateInc" time="4.545"/>
</testsuite> <!-- Aug15_JIRA_CW.CreateIncident -->
