<?xml version="1.0" encoding="UTF-8"?>
<!-- Generated by org.testng.reporters.JUnitReportReporter -->
<testsuite hostname="LAPTOP-H8NLAOCC" failures="0" tests="1" name="Selenium_Marathon.CustomerService.TC001" time="25.153" errors="0" timestamp="2023-09-05T20:48:28 IST" skipped="0">
  <testcase classname="Selenium_Marathon.CustomerService.TC001" name="Customer_Service_Options" time="25.153"/>
</testsuite> <!-- Selenium_Marathon.CustomerService.TC001 -->
