<?xml version="1.0" encoding="UTF-8"?>
<!-- Generated by org.testng.reporters.JUnitReportReporter -->
<testsuite hostname="LAPTOP-H8NLAOCC" failures="0" tests="4" name="restful_booker_APIAuto.HealthCheck" time="8.837" errors="0" timestamp="2024-04-25T14:30:04 IST" skipped="0">
  <testcase classname="restful_booker_APIAuto.HealthCheck" name="CreateBooking" time="3.729"/>
  <testcase classname="restful_booker_APIAuto.HealthCheck" name="CreateToken" time="1.523"/>
  <testcase classname="restful_booker_APIAuto.HealthCheck" name="healthChk" time="1.567"/>
  <testcase classname="restful_booker_APIAuto.HealthCheck" name="CreateBooking_UsingMapData" time="2.018"/>
</testsuite> <!-- restful_booker_APIAuto.HealthCheck -->
