<?xml version="1.0" encoding="UTF-8"?>
<!-- Generated by org.testng.reporters.JUnitReportReporter -->
<testsuite hostname="LAPTOP-H8NLAOCC" failures="0" tests="1" name="mandatoryHomeWork.Selenium.Day7_HW" time="18.336" errors="0" timestamp="2023-08-26T21:51:11 IST" skipped="0">
  <testcase classname="mandatoryHomeWork.Selenium.Day7_HW" name="test1" time="18.336"/>
</testsuite> <!-- mandatoryHomeWork.Selenium.Day7_HW -->
