<?xml version="1.0" encoding="UTF-8"?>
<!-- Generated by org.testng.reporters.JUnitReportReporter -->
<testsuite hostname="LAPTOP-H8NLAOCC" failures="0" tests="1" name="mocking.MockRecording" time="8.914" errors="0" timestamp="2023-08-07T21:56:57 IST" skipped="0">
  <testcase classname="mocking.MockRecording" name="record" time="8.914"/>
  <system-out/>
</testsuite> <!-- mocking.MockRecording -->
