<?xml version="1.0" encoding="UTF-8"?>
<!-- Generated by org.testng.reporters.JUnitReportReporter -->
<testsuite hostname="LAPTOP-H8NLAOCC" failures="0" tests="1" name="mandatoryHomeWork.Selenium.Day2_HW" time="28.341" errors="0" timestamp="2023-08-18T16:42:03 IST" skipped="0">
  <testcase classname="mandatoryHomeWork.Selenium.Day2_HW" name="TestA" time="28.341"/>
</testsuite> <!-- mandatoryHomeWork.Selenium.Day2_HW -->
