<?xml version="1.0" encoding="UTF-8"?>
<!-- Generated by org.testng.reporters.JUnitReportReporter -->
<testsuite hostname="LAPTOP-H8NLAOCC" failures="0" tests="1" name="restful_booker_API_POJO_Impl.GetBookingID_FromName" time="1.405" errors="0" timestamp="2023-08-30T18:49:48 IST" skipped="0">
  <testcase classname="restful_booker_API_POJO_Impl.GetBookingID_FromName" name="getBookID_FromName" time="1.405"/>
</testsuite> <!-- restful_booker_API_POJO_Impl.GetBookingID_FromName -->
