<?xml version="1.0" encoding="UTF-8"?>
<!-- Generated by org.testng.reporters.JUnitReportReporter -->
<testsuite hostname="LAPTOP-H8NLAOCC" failures="0" tests="1" name="Selenium_CW_DailyConnect" time="8.138" errors="0" timestamp="2023-08-24T21:28:08 IST" skipped="0">
  <testcase classname="Selenium_CW_DailyConnect" name="TestA" time="8.138"/>
</testsuite> <!-- Selenium_CW_DailyConnect -->
