<?xml version="1.0" encoding="UTF-8"?>
<!-- Generated by org.testng.reporters.JUnitReportReporter -->
<testsuite hostname="LAPTOP-H8NLAOCC" failures="0" tests="2" name="Sel_NYKAA.PerfumeList" time="11.300" errors="0" timestamp="2023-12-17T21:49:54 IST" skipped="0">
  <testcase classname="Sel_NYKAA.PerfumeList" name="test3" time="5.091"/>
  <testcase classname="Sel_NYKAA.PerfumeList" name="test2" time="6.209"/>
</testsuite> <!-- Sel_NYKAA.PerfumeList -->
