<?xml version="1.0" encoding="UTF-8"?>
<!-- Generated by org.testng.reporters.JUnitReportReporter -->
<testsuite hostname="LAPTOP-H8NLAOCC" failures="0" tests="1" name="mandatoryHomeWprk.Selenium.Day1" time="26.485" errors="0" timestamp="2023-08-17T21:58:05 IST" skipped="0">
  <testcase classname="mandatoryHomeWprk.Selenium.Day1" name="test1" time="26.485"/>
</testsuite> <!-- mandatoryHomeWprk.Selenium.Day1 -->
