<?xml version="1.0" encoding="UTF-8"?>
<!-- Generated by org.testng.reporters.JUnitReportReporter -->
<testsuite hostname="LAPTOP-H8NLAOCC" failures="0" tests="1" name="restful_booker_API_POJO_Impl.UpdateBooking_PUT" time="1.499" errors="0" timestamp="2023-09-03T23:12:42 IST" skipped="0">
  <testcase classname="restful_booker_API_POJO_Impl.UpdateBooking_PUT" name="CreateBooking" time="1.499"/>
</testsuite> <!-- restful_booker_API_POJO_Impl.UpdateBooking_PUT -->
