<?xml version="1.0" encoding="UTF-8"?>
<!-- Generated by org.testng.reporters.JUnitReportReporter -->
<testsuite hostname="LAPTOP-H8NLAOCC" failures="0" tests="1" name="mandatoryHomeWork.Week4.Day2.SetMismatch_LC_645" time="0.167" errors="0" timestamp="2023-08-23T18:53:38 IST" skipped="0">
  <testcase classname="mandatoryHomeWork.Week4.Day2.SetMismatch_LC_645" name="Test1" time="0.167"/>
</testsuite> <!-- mandatoryHomeWork.Week4.Day2.SetMismatch_LC_645 -->
