<?xml version="1.0" encoding="UTF-8"?>
<!-- Generated by org.testng.reporters.JUnitReportReporter -->
<testsuite hostname="LAPTOP-H8NLAOCC" failures="0" tests="1" name="restful_booker_API_POJO_Impl.Delete_Booking" time="3.628" errors="0" timestamp="2023-08-27T22:02:58 IST" skipped="0">
  <testcase classname="restful_booker_API_POJO_Impl.Delete_Booking" name="DeleteBooking" time="3.628"/>
</testsuite> <!-- restful_booker_API_POJO_Impl.Delete_Booking -->
