<?xml version="1.0" encoding="UTF-8"?>
<!-- Generated by org.testng.reporters.JUnitReportReporter -->
<testsuite hostname="LAPTOP-H8NLAOCC" failures="0" tests="1" name="mandatoryHomeWork.Selenium.Day3_HW" time="25.710" errors="0" timestamp="2023-08-21T16:27:56 IST" skipped="0">
  <testcase classname="mandatoryHomeWork.Selenium.Day3_HW" name="TestA" time="25.710"/>
</testsuite> <!-- mandatoryHomeWork.Selenium.Day3_HW -->
