<?xml version="1.0" encoding="UTF-8"?>
<!-- Generated by org.testng.reporters.JUnitReportReporter -->
<testsuite hostname="LAPTOP-H8NLAOCC" failures="0" tests="1" name="restful_booker_API_POJO_Impl.PING" time="3.040" errors="0" timestamp="2023-08-27T19:22:45 IST" skipped="0">
  <testcase classname="restful_booker_API_POJO_Impl.PING" name="Ping" time="3.040"/>
</testsuite> <!-- restful_booker_API_POJO_Impl.PING -->
