<?xml version="1.0" encoding="UTF-8"?>
<!-- Generated by org.testng.reporters.JUnitReportReporter -->
<testsuite hostname="LAPTOP-H8NLAOCC" failures="0" tests="1" name="mandatoryHomeWork.Week7.Day1.StudentHeight" time="0.054" errors="0" timestamp="2023-09-11T18:24:14 IST" skipped="0">
  <testcase classname="mandatoryHomeWork.Week7.Day1.StudentHeight" name="Test1" time="0.054"/>
</testsuite> <!-- mandatoryHomeWork.Week7.Day1.StudentHeight -->
