<?xml version="1.0" encoding="UTF-8"?>
<!-- Generated by org.testng.reporters.JUnitReportReporter -->
<testsuite hostname="LAPTOP-H8NLAOCC" failures="0" tests="1" name="Selenium_Assesement_Sep09.DailyConnect_Sel_Assesement" time="26.741" errors="0" timestamp="2023-09-29T21:45:10 IST" skipped="0">
  <testcase classname="Selenium_Assesement_Sep09.DailyConnect_Sel_Assesement" name="create" time="26.741"/>
</testsuite> <!-- Selenium_Assesement_Sep09.DailyConnect_Sel_Assesement -->
