<?xml version="1.0" encoding="UTF-8"?>
<!-- Generated by org.testng.reporters.JUnitReportReporter -->
<testsuite hostname="LAPTOP-H8NLAOCC" failures="0" tests="1" name="mandatoryHomeWork.Selenium.Day4_HW" time="29.122" errors="0" timestamp="2023-08-24T12:03:05 IST" skipped="0">
  <testcase classname="mandatoryHomeWork.Selenium.Day4_HW" name="TestA" time="29.122"/>
</testsuite> <!-- mandatoryHomeWork.Selenium.Day4_HW -->
