<?xml version="1.0" encoding="UTF-8"?>
<!-- Generated by org.testng.reporters.JUnitReportReporter -->
<testsuite hostname="LAPTOP-H8NLAOCC" failures="0" tests="6" name="restful_booker_API_POJO_lombak.AllTests" time="11.402" errors="0" timestamp="2023-09-14T09:32:34 IST" skipped="0">
  <testcase classname="restful_booker_API_POJO_lombak.AllTests" name="Ping" time="3.312"/>
  <testcase classname="restful_booker_API_POJO_lombak.AllTests" name="CreateToken" time="2.780"/>
  <testcase classname="restful_booker_API_POJO_lombak.AllTests" name="CreateBooking" time="1.392"/>
  <testcase classname="restful_booker_API_POJO_lombak.AllTests" name="getBookID_FromName" time="1.290"/>
  <testcase classname="restful_booker_API_POJO_lombak.AllTests" name="updateBooking" time="1.339"/>
  <testcase classname="restful_booker_API_POJO_lombak.AllTests" name="DeleteBooking" time="1.289"/>
</testsuite> <!-- restful_booker_API_POJO_lombak.AllTests -->
