<?xml version="1.0" encoding="UTF-8"?>
<!-- Generated by org.testng.reporters.JUnitReportReporter -->
<testsuite hostname="LAPTOP-H8NLAOCC" failures="0" tests="3" name="mandatoryHomeWork.Selenium.Day8_HW" time="23.701" errors="0" timestamp="2023-08-26T23:26:09 IST" skipped="0">
  <testcase classname="mandatoryHomeWork.Selenium.Day8_HW" name="test_droppable" time="5.706"/>
  <testcase classname="mandatoryHomeWork.Selenium.Day8_HW" name="test_selectable" time="8.608"/>
  <testcase classname="mandatoryHomeWork.Selenium.Day8_HW" name="test_dragAndDropBy" time="9.387"/>
</testsuite> <!-- mandatoryHomeWork.Selenium.Day8_HW -->
