<?xml version="1.0" encoding="UTF-8"?>
<!-- Generated by org.testng.reporters.JUnitReportReporter -->
<testsuite hostname="LAPTOP-H8NLAOCC" failures="0" tests="2" name="testNG_learning.Parent" time="0.017" errors="0" timestamp="2023-10-05T18:57:12 IST" skipped="0">
  <testcase classname="testNG_learning.Parent" name="parentTestb" time="0.003"/>
  <testcase classname="testNG_learning.Parent" name="parentTesta" time="0.014"/>
</testsuite> <!-- testNG_learning.Parent -->
