<?xml version="1.0" encoding="UTF-8"?>
<!-- Generated by org.testng.reporters.JUnitReportReporter -->
<testsuite hostname="LAPTOP-H8NLAOCC" failures="0" tests="1" name="mocking.CreateStub" time="1.237" errors="0" timestamp="2023-08-07T16:22:06 IST" skipped="0">
  <testcase classname="mocking.CreateStub" name="create" time="1.237"/>
  <system-out/>
</testsuite> <!-- mocking.CreateStub -->
