<?xml version="1.0" encoding="UTF-8"?>
<!-- Generated by org.testng.reporters.JUnitReportReporter -->
<testsuite hostname="LAPTOP-H8NLAOCC" failures="0" tests="1" name="mandatoryHomeWork.Selenium.Day6" time="40.931" errors="0" timestamp="2023-08-24T18:10:47 IST" skipped="0">
  <testcase classname="mandatoryHomeWork.Selenium.Day6" name="TestA" time="40.931"/>
</testsuite> <!-- mandatoryHomeWork.Selenium.Day6 -->
