<?xml version="1.0" encoding="UTF-8"?>
<!-- Generated by org.testng.reporters.JUnitReportReporter -->
<testsuite hostname="LAPTOP-H8NLAOCC" failures="0" tests="1" name="restful_booker_APIAuto.CreateBookingWithPojoImpl" time="4.519" errors="0" timestamp="2023-08-27T19:11:50 IST" skipped="0">
  <testcase classname="restful_booker_APIAuto.CreateBookingWithPojoImpl" name="CreateBooking" time="4.519"/>
</testsuite> <!-- restful_booker_APIAuto.CreateBookingWithPojoImpl -->
