<?xml version="1.0" encoding="UTF-8"?>
<!-- Generated by org.testng.reporters.JUnitReportReporter -->
<testsuite hostname="LAPTOP-H8NLAOCC" failures="0" tests="1" name="Selenium_Assesement_Sep09.AlertScreenShot" time="18.995" errors="0" timestamp="2024-03-16T20:56:13 IST" skipped="0">
  <testcase classname="Selenium_Assesement_Sep09.AlertScreenShot" name="create" time="18.995"/>
</testsuite> <!-- Selenium_Assesement_Sep09.AlertScreenShot -->
